#
# There is insufficient memory for the Java Runtime Environment to continue.
# Native memory allocation (malloc) failed to allocate 32744 bytes for ChunkPool::allocate
# Possible reasons:
#   The system is out of physical RAM or swap space
#   The process is running with CompressedOops enabled, and the Java Heap may be blocking the growth of the native heap
# Possible solutions:
#   Reduce memory load on the system
#   Increase physical memory or swap space
#   Check if swap backing store is full
#   Decrease Java heap size (-Xmx/-Xms)
#   Decrease number of Java threads
#   Decrease Java thread stack sizes (-Xss)
#   Set larger code cache with -XX:ReservedCodeCacheSize=
#   JVM is running with Unscaled Compressed Oops mode in which the Java heap is
#     placed in the first 4GB address space. The Java Heap base address is the
#     maximum limit for the native heap growth. Please use -XX:HeapBaseMinAddress
#     to set the Java Heap base and to place the Java Heap above 4GB virtual address.
# This output file may be truncated or incomplete.
#
#  Out of Memory Error (allocation.cpp:272), pid=17156, tid=0x0000000000004398
#
# JRE version: OpenJDK Runtime Environment (8.0_202-b03) (build 1.8.0_202-release-1483-b03)
# Java VM: OpenJDK 64-Bit Server VM (25.202-b03 mixed mode windows-amd64 compressed oops)
# Failed to write core dump. Minidumps are not enabled by default on client versions of Windows
#

---------------  T H R E A D  ---------------

Current thread (0x0000000018e31000):  JavaThread "C2 CompilerThread1" daemon [_thread_in_native, id=17304, stack(0x0000000019800000,0x0000000019900000)]

Stack: [0x0000000019800000,0x0000000019900000]
[error occurred during error reporting (printing stack bounds), id 0xc0000005]

Native frames: (J=compiled Java code, j=interpreted, Vv=VM code, C=native code)


Current CompileTask:
C2:  38040 5116       4       java.net.URLClassLoader$1::run (5 bytes)


---------------  P R O C E S S  ---------------

Java Threads: ( => current thread )
  0x000000001b333000 JavaThread "Memory manager" [_thread_blocked, id=12944, stack(0x0000000024a60000,0x0000000024b60000)]
  0x000000001b32a000 JavaThread "Cache worker for Build Output Cleanup Cache (D:\dicoding\latihan2\.gradle\buildOutputCleanup)" [_thread_blocked, id=7192, stack(0x0000000023f60000,0x0000000024060000)]
  0x000000001b329000 JavaThread "Build operations Thread 8" [_thread_blocked, id=12084, stack(0x0000000023860000,0x0000000023960000)]
  0x000000001b330000 JavaThread "Build operations Thread 7" [_thread_blocked, id=3748, stack(0x0000000023760000,0x0000000023860000)]
  0x000000001b32f800 JavaThread "Build operations Thread 6" [_thread_blocked, id=12408, stack(0x0000000023660000,0x0000000023760000)]
  0x000000001b327800 JavaThread "Build operations Thread 5" [_thread_blocked, id=9792, stack(0x0000000023560000,0x0000000023660000)]
  0x000000001b32e800 JavaThread "Build operations Thread 4" [_thread_blocked, id=4720, stack(0x0000000023460000,0x0000000023560000)]
  0x000000001b32c800 JavaThread "Build operations Thread 3" [_thread_blocked, id=7580, stack(0x0000000023360000,0x0000000023460000)]
  0x000000001b327000 JavaThread "Build operations Thread 2" [_thread_blocked, id=5352, stack(0x0000000023260000,0x0000000023360000)]
  0x000000001b32b800 JavaThread "Build operations" [_thread_blocked, id=13508, stack(0x0000000022110000,0x0000000022210000)]
  0x000000001b32e000 JavaThread "Cache worker for execution history cache (C:\Users\it_ih\.gradle\caches\5.4.1\executionHistory)" [_thread_blocked, id=15548, stack(0x000000001eff0000,0x000000001f0f0000)]
  0x000000001b32b000 JavaThread "Cache worker for cache directory md-rule (C:\Users\it_ih\.gradle\caches\5.4.1\md-rule)" [_thread_blocked, id=8140, stack(0x0000000021e10000,0x0000000021f10000)]
  0x000000001b32d000 JavaThread "Cache worker for cache directory md-supplier (C:\Users\it_ih\.gradle\caches\5.4.1\md-supplier)" [_thread_blocked, id=15928, stack(0x0000000021d10000,0x0000000021e10000)]
  0x0000000018e6c000 JavaThread "Cache worker for file hash cache (D:\dicoding\latihan2\.gradle\5.4.1\fileHashes)" [_thread_blocked, id=15648, stack(0x000000001ecf0000,0x000000001edf0000)]
  0x0000000018e6a800 JavaThread "Cache worker for journal cache (C:\Users\it_ih\.gradle\caches\journal-1)" [_thread_blocked, id=1720, stack(0x000000001ca50000,0x000000001cb50000)]
  0x0000000018e6b800 JavaThread "File lock request listener" [_thread_in_native, id=11152, stack(0x000000001c950000,0x000000001ca50000)]
  0x0000000018e68000 JavaThread "Cache worker for file hash cache (C:\Users\it_ih\.gradle\caches\5.4.1\fileHashes)" [_thread_blocked, id=1912, stack(0x000000001c850000,0x000000001c950000)]
  0x000000001a0d1000 JavaThread "Thread-9" [_thread_blocked, id=17384, stack(0x000000001c750000,0x000000001c850000)]
  0x000000001a0b8800 JavaThread "Stdin handler" [_thread_blocked, id=17380, stack(0x000000001c650000,0x000000001c750000)]
  0x000000001a5f1000 JavaThread "Asynchronous log dispatcher for DefaultDaemonConnection: socket connection from /127.0.0.1:52814 to /127.0.0.1:52815" [_thread_blocked, id=17376, stack(0x000000001c450000,0x000000001c550000)]
  0x000000001a5ef000 JavaThread "Daemon worker" [_thread_in_vm, id=17364, stack(0x000000001c350000,0x000000001c450000)]
  0x000000001a5ee000 JavaThread "Cancel handler" [_thread_blocked, id=17360, stack(0x000000001c250000,0x000000001c350000)]
  0x0000000019e51000 JavaThread "Handler for socket connection from /127.0.0.1:52814 to /127.0.0.1:52815" [_thread_in_native, id=17356, stack(0x000000001bf50000,0x000000001c050000)]
  0x0000000019e53000 JavaThread "Daemon" [_thread_blocked, id=17352, stack(0x000000001be50000,0x000000001bf50000)]
  0x0000000018f4e800 JavaThread "Daemon periodic checks" [_thread_blocked, id=17348, stack(0x000000001bd50000,0x000000001be50000)]
  0x0000000019f10000 JavaThread "Incoming local TCP Connector on port 52814" [_thread_in_native, id=17344, stack(0x000000001bb10000,0x000000001bc10000)]
  0x000000001adef000 JavaThread "Daemon health stats" [_thread_blocked, id=17332, stack(0x000000001b4d0000,0x000000001b5d0000)]
  0x0000000018ed0800 JavaThread "Service Thread" daemon [_thread_blocked, id=17316, stack(0x0000000019b00000,0x0000000019c00000)]
  0x0000000018e66800 JavaThread "C1 CompilerThread3" daemon [_thread_blocked, id=17312, stack(0x0000000019a00000,0x0000000019b00000)]
  0x0000000018e42000 JavaThread "C2 CompilerThread2" daemon [_thread_in_native, id=17308, stack(0x0000000019900000,0x0000000019a00000)]
=>0x0000000018e31000 JavaThread "C2 CompilerThread1" daemon [_thread_in_native, id=17304, stack(0x0000000019800000,0x0000000019900000)]
  0x0000000018e2d800 JavaThread "C2 CompilerThread0" daemon [_thread_blocked, id=17300, stack(0x0000000019700000,0x0000000019800000)]
  0x0000000018e2c800 JavaThread "Attach Listener" daemon [_thread_blocked, id=17296, stack(0x0000000019600000,0x0000000019700000)]
  0x0000000018e29800 JavaThread "Signal Dispatcher" daemon [_thread_blocked, id=17292, stack(0x0000000019500000,0x0000000019600000)]
  0x000000000325e000 JavaThread "Finalizer" daemon [_thread_blocked, id=17288, stack(0x0000000019300000,0x0000000019400000)]
  0x0000000003255000 JavaThread "Reference Handler" daemon [_thread_blocked, id=17284, stack(0x0000000019200000,0x0000000019300000)]
  0x0000000002fde800 JavaThread "main" [_thread_blocked, id=17240, stack(0x0000000003060000,0x0000000003160000)]

Other Threads:
  0x0000000017018000 VMThread [stack: 0x0000000018d00000,0x0000000018e00000] [id=17280]
  0x0000000018ed1000 WatcherThread [stack: 0x0000000019c00000,0x0000000019d00000] [id=17320]

VM state:not at safepoint (normal execution)

VM Mutex/Monitor currently owned by a thread: None

heap address: 0x00000000a0000000, size: 1536 MB, Compressed Oops mode: 32-bit
Narrow klass base: 0x0000000000000000, Narrow klass shift: 3
Compressed class space size: 1073741824 Address: 0x0000000100000000

Heap:
 PSYoungGen      total 92672K, used 78448K [0x00000000e0000000, 0x00000000e7e00000, 0x0000000100000000)
  eden space 81408K, 82% used [0x00000000e0000000,0x00000000e41a2890,0x00000000e4f80000)
  from space 11264K, 99% used [0x00000000e4f80000,0x00000000e5a79ac8,0x00000000e5a80000)
  to   space 13824K, 0% used [0x00000000e7080000,0x00000000e7080000,0x00000000e7e00000)
 ParOldGen       total 90624K, used 20477K [0x00000000a0000000, 0x00000000a5880000, 0x00000000e0000000)
  object space 90624K, 22% used [0x00000000a0000000,0x00000000a13ff5d0,0x00000000a5880000)
 Metaspace       used 54281K, capacity 55710K, committed 55896K, reserved 1097728K
  class space    used 7347K, capacity 7712K, committed 7808K, reserved 1048576K

Card table byte_map: [0x0000000012620000,0x0000000012930000] byte_map_base: 0x0000000012120000

Marking Bits: (ParMarkBitMap*) 0x0000000059a79f30
 Begin Bits: [0x0000000013330000, 0x0000000014b30000)
 End Bits:   [0x0000000014b30000, 0x0000000016330000)

Polling page: 0x00000000017a0000

CodeCache: size=245760Kb used=15645Kb max_used=15647Kb free=230114Kb
 bounds [0x0000000003260000, 0x00000000041c0000, 0x0000000012260000]
 total_blobs=5498 nmethods=4717 adapters=694
 compilation: enabled

Compilation events (10 events):
Event: 37.697 Thread 0x0000000018e66800 5111       3       java.lang.ThreadLocal::<init> (12 bytes)
Event: 37.697 Thread 0x0000000018e66800 nmethod 5111 0x00000000041b2f90 code [0x00000000041b3100, 0x00000000041b3410]
Event: 37.697 Thread 0x0000000018e66800 5112       3       java.lang.ThreadLocal::nextHashCode (9 bytes)
Event: 37.697 Thread 0x0000000018e66800 nmethod 5112 0x00000000041b2b10 code [0x00000000041b2c80, 0x00000000041b2eb0]
Event: 37.697 Thread 0x0000000018e66800 5114       3       java.net.URL::<init> (7 bytes)
Event: 37.697 Thread 0x0000000018e66800 nmethod 5114 0x00000000041b26d0 code [0x00000000041b2840, 0x00000000041b2a48]
Event: 37.715 Thread 0x0000000018e66800 5115       3       sun.net.www.protocol.jar.JarURLConnection::getUseCaches (8 bytes)
Event: 37.715 Thread 0x0000000018e66800 nmethod 5115 0x00000000041b2290 code [0x00000000041b2400, 0x00000000041b2628]
Event: 37.753 Thread 0x0000000018e31000 5116       4       java.net.URLClassLoader$1::run (5 bytes)
Event: 37.754 Thread 0x0000000018e42000 5117   !   4       java.net.URLClassLoader$1::run (63 bytes)

GC Heap History (10 events):
Event: 24.235 GC heap before
{Heap before GC invocations=11 (full 1):
 PSYoungGen      total 60928K, used 58652K [0x00000000e0000000, 0x00000000e5480000, 0x0000000100000000)
  eden space 51200K, 100% used [0x00000000e0000000,0x00000000e3200000,0x00000000e3200000)
  from space 9728K, 76% used [0x00000000e3200000,0x00000000e3947018,0x00000000e3b80000)
  to   space 9728K, 0% used [0x00000000e4b00000,0x00000000e4b00000,0x00000000e5480000)
 ParOldGen       total 58880K, used 7731K [0x00000000a0000000, 0x00000000a3980000, 0x00000000e0000000)
  object space 58880K, 13% used [0x00000000a0000000,0x00000000a078cf18,0x00000000a3980000)
 Metaspace       used 33860K, capacity 34370K, committed 34560K, reserved 1079296K
  class space    used 4666K, capacity 4828K, committed 4864K, reserved 1048576K
Event: 24.242 GC heap after
Heap after GC invocations=11 (full 1):
 PSYoungGen      total 72704K, used 7307K [0x00000000e0000000, 0x00000000e5280000, 0x0000000100000000)
  eden space 65024K, 0% used [0x00000000e0000000,0x00000000e0000000,0x00000000e3f80000)
  from space 7680K, 95% used [0x00000000e4b00000,0x00000000e5222cc8,0x00000000e5280000)
  to   space 9728K, 0% used [0x00000000e3f80000,0x00000000e3f80000,0x00000000e4900000)
 ParOldGen       total 58880K, used 10167K [0x00000000a0000000, 0x00000000a3980000, 0x00000000e0000000)
  object space 58880K, 17% used [0x00000000a0000000,0x00000000a09edf38,0x00000000a3980000)
 Metaspace       used 33860K, capacity 34370K, committed 34560K, reserved 1079296K
  class space    used 4666K, capacity 4828K, committed 4864K, reserved 1048576K
}
Event: 25.545 GC heap before
{Heap before GC invocations=12 (full 1):
 PSYoungGen      total 72704K, used 18230K [0x00000000e0000000, 0x00000000e5280000, 0x0000000100000000)
  eden space 65024K, 16% used [0x00000000e0000000,0x00000000e0aaabb0,0x00000000e3f80000)
  from space 7680K, 95% used [0x00000000e4b00000,0x00000000e5222cc8,0x00000000e5280000)
  to   space 9728K, 0% used [0x00000000e3f80000,0x00000000e3f80000,0x00000000e4900000)
 ParOldGen       total 58880K, used 10167K [0x00000000a0000000, 0x00000000a3980000, 0x00000000e0000000)
  object space 58880K, 17% used [0x00000000a0000000,0x00000000a09edf38,0x00000000a3980000)
 Metaspace       used 34648K, capacity 35286K, committed 35416K, reserved 1079296K
  class space    used 4765K, capacity 4942K, committed 4992K, reserved 1048576K
Event: 25.553 GC heap after
Heap after GC invocations=12 (full 1):
 PSYoungGen      total 74752K, used 6254K [0x00000000e0000000, 0x00000000e6400000, 0x0000000100000000)
  eden space 65024K, 0% used [0x00000000e0000000,0x00000000e0000000,0x00000000e3f80000)
  from space 9728K, 64% used [0x00000000e3f80000,0x00000000e459bab0,0x00000000e4900000)
  to   space 9728K, 0% used [0x00000000e5a80000,0x00000000e5a80000,0x00000000e6400000)
 ParOldGen       total 58880K, used 10175K [0x00000000a0000000, 0x00000000a3980000, 0x00000000e0000000)
  object space 58880K, 17% used [0x00000000a0000000,0x00000000a09eff38,0x00000000a3980000)
 Metaspace       used 34648K, capacity 35286K, committed 35416K, reserved 1079296K
  class space    used 4765K, capacity 4942K, committed 4992K, reserved 1048576K
}
Event: 25.553 GC heap before
{Heap before GC invocations=13 (full 2):
 PSYoungGen      total 74752K, used 6254K [0x00000000e0000000, 0x00000000e6400000, 0x0000000100000000)
  eden space 65024K, 0% used [0x00000000e0000000,0x00000000e0000000,0x00000000e3f80000)
  from space 9728K, 64% used [0x00000000e3f80000,0x00000000e459bab0,0x00000000e4900000)
  to   space 9728K, 0% used [0x00000000e5a80000,0x00000000e5a80000,0x00000000e6400000)
 ParOldGen       total 58880K, used 10175K [0x00000000a0000000, 0x00000000a3980000, 0x00000000e0000000)
  object space 58880K, 17% used [0x00000000a0000000,0x00000000a09eff38,0x00000000a3980000)
 Metaspace       used 34648K, capacity 35286K, committed 35416K, reserved 1079296K
  class space    used 4765K, capacity 4942K, committed 4992K, reserved 1048576K
Event: 25.631 GC heap after
Heap after GC invocations=13 (full 2):
 PSYoungGen      total 74752K, used 0K [0x00000000e0000000, 0x00000000e6400000, 0x0000000100000000)
  eden space 65024K, 0% used [0x00000000e0000000,0x00000000e0000000,0x00000000e3f80000)
  from space 9728K, 0% used [0x00000000e3f80000,0x00000000e3f80000,0x00000000e4900000)
  to   space 9728K, 0% used [0x00000000e5a80000,0x00000000e5a80000,0x00000000e6400000)
 ParOldGen       total 90624K, used 15253K [0x00000000a0000000, 0x00000000a5880000, 0x00000000e0000000)
  object space 90624K, 16% used [0x00000000a0000000,0x00000000a0ee5608,0x00000000a5880000)
 Metaspace       used 34631K, capacity 35232K, committed 35416K, reserved 1079296K
  class space    used 4760K, capacity 4933K, committed 4992K, reserved 1048576K
}
Event: 30.463 GC heap before
{Heap before GC invocations=14 (full 2):
 PSYoungGen      total 74752K, used 65024K [0x00000000e0000000, 0x00000000e6400000, 0x0000000100000000)
  eden space 65024K, 100% used [0x00000000e0000000,0x00000000e3f80000,0x00000000e3f80000)
  from space 9728K, 0% used [0x00000000e3f80000,0x00000000e3f80000,0x00000000e4900000)
  to   space 9728K, 0% used [0x00000000e5a80000,0x00000000e5a80000,0x00000000e6400000)
 ParOldGen       total 90624K, used 15253K [0x00000000a0000000, 0x00000000a5880000, 0x00000000e0000000)
  object space 90624K, 16% used [0x00000000a0000000,0x00000000a0ee5608,0x00000000a5880000)
 Metaspace       used 42310K, capacity 43090K, committed 43352K, reserved 1087488K
  class space    used 5745K, capacity 5981K, committed 6016K, reserved 1048576K
Event: 30.472 GC heap after
Heap after GC invocations=14 (full 2):
 PSYoungGen      total 91136K, used 9718K [0x00000000e0000000, 0x00000000e6600000, 0x0000000100000000)
  eden space 81408K, 0% used [0x00000000e0000000,0x00000000e0000000,0x00000000e4f80000)
  from space 9728K, 99% used [0x00000000e5a80000,0x00000000e63fdb48,0x00000000e6400000)
  to   space 11264K, 0% used [0x00000000e4f80000,0x00000000e4f80000,0x00000000e5a80000)
 ParOldGen       total 90624K, used 17921K [0x00000000a0000000, 0x00000000a5880000, 0x00000000e0000000)
  object space 90624K, 19% used [0x00000000a0000000,0x00000000a1180700,0x00000000a5880000)
 Metaspace       used 42310K, capacity 43090K, committed 43352K, reserved 1087488K
  class space    used 5745K, capacity 5981K, committed 6016K, reserved 1048576K
}
Event: 33.803 GC heap before
{Heap before GC invocations=15 (full 2):
 PSYoungGen      total 91136K, used 91126K [0x00000000e0000000, 0x00000000e6600000, 0x0000000100000000)
  eden space 81408K, 100% used [0x00000000e0000000,0x00000000e4f80000,0x00000000e4f80000)
  from space 9728K, 99% used [0x00000000e5a80000,0x00000000e63fdb48,0x00000000e6400000)
  to   space 11264K, 0% used [0x00000000e4f80000,0x00000000e4f80000,0x00000000e5a80000)
 ParOldGen       total 90624K, used 17921K [0x00000000a0000000, 0x00000000a5880000, 0x00000000e0000000)
  object space 90624K, 19% used [0x00000000a0000000,0x00000000a1180700,0x00000000a5880000)
 Metaspace       used 48813K, capacity 50042K, committed 50136K, reserved 1093632K
  class space    used 6616K, capacity 6898K, committed 6912K, reserved 1048576K
Event: 33.813 GC heap after
Heap after GC invocations=15 (full 2):
 PSYoungGen      total 92672K, used 11238K [0x00000000e0000000, 0x00000000e7e00000, 0x0000000100000000)
  eden space 81408K, 0% used [0x00000000e0000000,0x00000000e0000000,0x00000000e4f80000)
  from space 11264K, 99% used [0x00000000e4f80000,0x00000000e5a79ac8,0x00000000e5a80000)
  to   space 13824K, 0% used [0x00000000e7080000,0x00000000e7080000,0x00000000e7e00000)
 ParOldGen       total 90624K, used 20477K [0x00000000a0000000, 0x00000000a5880000, 0x00000000e0000000)
  object space 90624K, 22% used [0x00000000a0000000,0x00000000a13ff5d0,0x00000000a5880000)
 Metaspace       used 48813K, capacity 50042K, committed 50136K, reserved 1093632K
  class space    used 6616K, capacity 6898K, committed 6912K, reserved 1048576K
}

Deoptimization events (10 events):
Event: 32.587 Thread 0x000000001a5ef000 Uncommon trap: reason=unstable_if action=reinterpret pc=0x0000000003843770 method=org.gradle.internal.instantiation.AbstractClassGenerator$InjectionAnnotationValidator.validateMethod(Ljava/lang/reflect/Method;Lorg/gradle/internal/reflect/PropertyAccessorT
Event: 32.997 Thread 0x000000001a5ef000 Uncommon trap: reason=unstable_if action=reinterpret pc=0x0000000003747fd0 method=jdk.internal.org.objectweb.asm.Type.getArgumentsAndReturnSizes(Ljava/lang/String;)I @ 88
Event: 33.577 Thread 0x000000001a5ef000 Uncommon trap: reason=unstable_if action=reinterpret pc=0x00000000037f1864 method=java.lang.String.lastIndexOf([CII[CIII)I @ 17
Event: 33.816 Thread 0x000000001a5ef000 Uncommon trap: reason=unstable_if action=reinterpret pc=0x00000000037aaab4 method=java.util.concurrent.ConcurrentHashMap.putVal(Ljava/lang/Object;Ljava/lang/Object;Z)Ljava/lang/Object; @ 195
Event: 33.850 Thread 0x000000001a5ef000 Uncommon trap: reason=unstable_if action=reinterpret pc=0x0000000003f94548 method=kotlin.reflect.jvm.internal.impl.protobuf.CodedInputStream.readRawVarint32()I @ 10
Event: 36.270 Thread 0x000000001a5ef000 Uncommon trap: reason=unstable_if action=reinterpret pc=0x0000000003bab260 method=java.io.WinNTFileSystem.normalize(Ljava/lang/String;)Ljava/lang/String; @ 74
Event: 37.553 Thread 0x000000001a5ef000 Uncommon trap: reason=bimorphic action=maybe_recompile pc=0x0000000004098dc0 method=java.util.regex.Pattern$5.isSatisfiedBy(I)Z @ 16
Event: 37.553 Thread 0x000000001a5ef000 Uncommon trap: reason=bimorphic action=maybe_recompile pc=0x0000000004098dc0 method=java.util.regex.Pattern$5.isSatisfiedBy(I)Z @ 16
Event: 37.553 Thread 0x000000001a5ef000 Uncommon trap: reason=bimorphic action=maybe_recompile pc=0x0000000004098dc0 method=java.util.regex.Pattern$5.isSatisfiedBy(I)Z @ 16
Event: 37.553 Thread 0x000000001a5ef000 Uncommon trap: reason=bimorphic action=maybe_recompile pc=0x0000000004098dc0 method=java.util.regex.Pattern$5.isSatisfiedBy(I)Z @ 16

Classes redefined (0 events):
No events

Internal exceptions (10 events):
Event: 32.997 Thread 0x000000001a5ef000 Exception <a 'java/lang/NoSuchMethodError': java.lang.Object.lambda$comparingInt$7b0bb60$1(Ljava/util/function/ToIntFunction;Ljava/lang/Object;Ljava/lang/Object;)I> (0x00000000e3b88228) thrown at [D:\src\AOSP-openjdk-cygwin\jdk8u\hotspot\src\share\vm\inte
Event: 32.998 Thread 0x000000001a5ef000 Exception <a 'java/lang/NoSuchMethodError': java.lang.Object.lambda$thenComparing$36697e65$1(Ljava/util/Comparator;Ljava/lang/Object;Ljava/lang/Object;)I> (0x00000000e3b90db0) thrown at [D:\src\AOSP-openjdk-cygwin\jdk8u\hotspot\src\share\vm\interpreter\li
Event: 33.046 Thread 0x000000001a5ef000 Exception <a 'java/lang/NoSuchMethodError': java.lang.Object.lambda$comparing$ea9a8b3a$1(Ljava/util/Comparator;Ljava/util/function/Function;Ljava/lang/Object;Ljava/lang/Object;)I> (0x00000000e3b9e860) thrown at [D:\src\AOSP-openjdk-cygwin\jdk8u\hotspot\sr
Event: 35.920 Thread 0x000000001a5ef000 Exception <a 'java/lang/ClassNotFoundException': com/android/build/gradle/internal/api/ApkVariantOutputImpl_DecoratedBeanInfo> (0x00000000e2135b30) thrown at [D:\src\AOSP-openjdk-cygwin\jdk8u\hotspot\src\share\vm\classfile\systemDictionary.cpp, line 210]
Event: 35.921 Thread 0x000000001a5ef000 Exception <a 'java/lang/ClassNotFoundException': com/android/build/gradle/internal/api/ApkVariantOutputImplBeanInfo> (0x00000000e21501f8) thrown at [D:\src\AOSP-openjdk-cygwin\jdk8u\hotspot\src\share\vm\classfile\systemDictionary.cpp, line 210]
Event: 35.921 Thread 0x000000001a5ef000 Exception <a 'java/lang/ClassNotFoundException': com/android/build/gradle/internal/api/BaseVariantOutputImplBeanInfo> (0x00000000e216b8b8) thrown at [D:\src\AOSP-openjdk-cygwin\jdk8u\hotspot\src\share\vm\classfile\systemDictionary.cpp, line 210]
Event: 35.921 Thread 0x000000001a5ef000 Exception <a 'java/lang/ClassNotFoundException': com/android/build/gradle/internal/api/BaseVariantOutputImplCustomizer> (0x00000000e2187428) thrown at [D:\src\AOSP-openjdk-cygwin\jdk8u\hotspot\src\share\vm\classfile\systemDictionary.cpp, line 210]
Event: 35.922 Thread 0x000000001a5ef000 Exception <a 'java/lang/ClassNotFoundException': com/android/build/gradle/internal/api/ApkVariantOutputImplCustomizer> (0x00000000e21bce58) thrown at [D:\src\AOSP-openjdk-cygwin\jdk8u\hotspot\src\share\vm\classfile\systemDictionary.cpp, line 210]
Event: 35.923 Thread 0x000000001a5ef000 Exception <a 'java/lang/ClassNotFoundException': com/android/build/gradle/internal/api/ApkVariantOutputImpl_DecoratedCustomizer> (0x00000000e21ed9b0) thrown at [D:\src\AOSP-openjdk-cygwin\jdk8u\hotspot\src\share\vm\classfile\systemDictionary.cpp, line 210
Event: 37.697 Thread 0x000000001a5ef000 Exception <a 'java/lang/ClassNotFoundException': com/sun/org/glassfish/hk2/osgiresourcelocator/ServiceLoader> (0x00000000e3c7aae8) thrown at [D:\src\AOSP-openjdk-cygwin\jdk8u\hotspot\src\share\vm\classfile\systemDictionary.cpp, line 210]

Events (10 events):
Event: 37.812 loading class com/sun/xml/bind/v2/model/core/Element
Event: 37.812 loading class com/sun/xml/bind/v2/model/core/Element done
Event: 37.812 loading class com/sun/xml/bind/v2/model/impl/TypeInfoImpl
Event: 37.812 loading class com/sun/xml/bind/v2/model/impl/TypeInfoImpl done
Event: 37.813 loading class com/sun/xml/bind/v2/model/impl/RuntimeEnumLeafInfoImpl
Event: 37.813 loading class com/sun/xml/bind/v2/model/impl/RuntimeEnumLeafInfoImpl done
Event: 37.814 loading class com/sun/xml/bind/v2/model/runtime/RuntimeEnumLeafInfo
Event: 37.814 loading class com/sun/xml/bind/v2/model/runtime/RuntimeEnumLeafInfo done
Event: 37.814 loading class com/sun/xml/bind/v2/runtime/Transducer
Event: 37.814 loading class com/sun/xml/bind/v2/runtime/Transducer done


Dynamic libraries:
0x00007ff6a89d0000 - 0x00007ff6a8a01000 	C:\Program Files\Android\Android Studio\jre\bin\java.exe
0x00007ffb43ea0000 - 0x00007ffb44090000 	C:\WINDOWS\SYSTEM32\ntdll.dll
0x00007ffb42000000 - 0x00007ffb420b2000 	C:\WINDOWS\System32\KERNEL32.DLL
0x00007ffb41ba0000 - 0x00007ffb41e43000 	C:\WINDOWS\System32\KERNELBASE.dll
0x00007ffb422b0000 - 0x00007ffb42353000 	C:\WINDOWS\System32\ADVAPI32.dll
0x00007ffb41f60000 - 0x00007ffb41ffe000 	C:\WINDOWS\System32\msvcrt.dll
0x00007ffb43c70000 - 0x00007ffb43d07000 	C:\WINDOWS\System32\sechost.dll
0x00007ffb42510000 - 0x00007ffb42630000 	C:\WINDOWS\System32\RPCRT4.dll
0x00007ffb43ad0000 - 0x00007ffb43c63000 	C:\WINDOWS\System32\USER32.dll
0x00007ffb40e30000 - 0x00007ffb40e51000 	C:\WINDOWS\System32\win32u.dll
0x00007ffb42730000 - 0x00007ffb42756000 	C:\WINDOWS\System32\GDI32.dll
0x00007ffb41980000 - 0x00007ffb41b14000 	C:\WINDOWS\System32\gdi32full.dll
0x00007ffb418b0000 - 0x00007ffb4194e000 	C:\WINDOWS\System32\msvcp_win.dll
0x00007ffb41e50000 - 0x00007ffb41f4a000 	C:\WINDOWS\System32\ucrtbase.dll
0x00007ffb2f910000 - 0x00007ffb2fb95000 	C:\WINDOWS\WinSxS\amd64_microsoft.windows.common-controls_6595b64144ccf1df_6.0.18362.356_none_e6c4af7d130f27cc\COMCTL32.dll
0x00007ffb42bd0000 - 0x00007ffb42f06000 	C:\WINDOWS\System32\combase.dll
0x00007ffb41b20000 - 0x00007ffb41ba0000 	C:\WINDOWS\System32\bcryptPrimitives.dll
0x00007ffb43940000 - 0x00007ffb4396e000 	C:\WINDOWS\System32\IMM32.DLL
0x00000000590f0000 - 0x00000000591c2000 	C:\Program Files\Android\Android Studio\jre\jre\bin\msvcr100.dll
0x00000000592b0000 - 0x0000000059af6000 	C:\Program Files\Android\Android Studio\jre\jre\bin\server\jvm.dll
0x00007ffb42700000 - 0x00007ffb42708000 	C:\WINDOWS\System32\PSAPI.DLL
0x00007ffb3ba50000 - 0x00007ffb3ba5a000 	C:\WINDOWS\SYSTEM32\VERSION.dll
0x00007ffb3e250000 - 0x00007ffb3e274000 	C:\WINDOWS\SYSTEM32\WINMM.dll
0x00007ffb3dfc0000 - 0x00007ffb3dfed000 	C:\WINDOWS\SYSTEM32\winmmbase.dll
0x00007ffb417e0000 - 0x00007ffb4182a000 	C:\WINDOWS\System32\cfgmgr32.dll
0x00007ffb2fce0000 - 0x00007ffb2fce9000 	C:\WINDOWS\SYSTEM32\WSOCK32.dll
0x00007ffb42f10000 - 0x00007ffb42f7f000 	C:\WINDOWS\System32\ws2_32.DLL
0x00007ffb3e980000 - 0x00007ffb3e98f000 	C:\Program Files\Android\Android Studio\jre\jre\bin\verify.dll
0x00007ffb2a390000 - 0x00007ffb2a3b9000 	C:\Program Files\Android\Android Studio\jre\jre\bin\java.dll
0x00007ffb2a340000 - 0x00007ffb2a356000 	C:\Program Files\Android\Android Studio\jre\jre\bin\zip.dll
0x00007ffb43160000 - 0x00007ffb43845000 	C:\WINDOWS\System32\SHELL32.dll
0x00007ffb42f80000 - 0x00007ffb43029000 	C:\WINDOWS\System32\shcore.dll
0x00007ffb40f10000 - 0x00007ffb4168e000 	C:\WINDOWS\System32\windows.storage.dll
0x00007ffb40e10000 - 0x00007ffb40e2f000 	C:\WINDOWS\System32\profapi.dll
0x00007ffb40dc0000 - 0x00007ffb40e0a000 	C:\WINDOWS\System32\powrprof.dll
0x00007ffb40d70000 - 0x00007ffb40d80000 	C:\WINDOWS\System32\UMPDC.dll
0x00007ffb42140000 - 0x00007ffb42192000 	C:\WINDOWS\System32\shlwapi.dll
0x00007ffb40d80000 - 0x00007ffb40d91000 	C:\WINDOWS\System32\kernel.appcore.dll
0x00007ffb41890000 - 0x00007ffb418a7000 	C:\WINDOWS\System32\cryptsp.dll
0x00007ffb29370000 - 0x00007ffb2938a000 	C:\Program Files\Android\Android Studio\jre\jre\bin\net.dll
0x00007ffb405e0000 - 0x00007ffb40647000 	C:\WINDOWS\system32\mswsock.dll
0x00007ffb25c40000 - 0x00007ffb25c51000 	C:\Program Files\Android\Android Studio\jre\jre\bin\nio.dll
0x00007ffb23030000 - 0x00007ffb23056000 	C:\Users\it_ih\.gradle\native\29\windows-amd64\native-platform.dll
0x00007ffb3bf00000 - 0x00007ffb3bf0d000 	C:\Program Files\Android\Android Studio\jre\jre\bin\management.dll
0x00007ffb40150000 - 0x00007ffb40183000 	C:\WINDOWS\system32\rsaenh.dll
0x00007ffb41950000 - 0x00007ffb41976000 	C:\WINDOWS\System32\bcrypt.dll
0x00007ffb40c90000 - 0x00007ffb40cb5000 	C:\WINDOWS\SYSTEM32\USERENV.dll
0x00007ffb407b0000 - 0x00007ffb407bc000 	C:\WINDOWS\SYSTEM32\CRYPTBASE.dll
0x00007ffb402f0000 - 0x00007ffb4032a000 	C:\WINDOWS\SYSTEM32\IPHLPAPI.DLL
0x00007ffb43e50000 - 0x00007ffb43e58000 	C:\WINDOWS\System32\NSI.dll
0x00007ffb3a2d0000 - 0x00007ffb3a2e6000 	C:\WINDOWS\SYSTEM32\dhcpcsvc6.DLL
0x00007ffb3a7f0000 - 0x00007ffb3a80c000 	C:\WINDOWS\SYSTEM32\dhcpcsvc.DLL
0x00007ffb40330000 - 0x00007ffb403fa000 	C:\WINDOWS\SYSTEM32\DNSAPI.dll

VM Arguments:
jvm_args: -Xmx1536m -Dfile.encoding=windows-1252 -Duser.country=US -Duser.language=en -Duser.variant 
java_command: org.gradle.launcher.daemon.bootstrap.GradleDaemon 5.4.1
java_class_path (initial): C:\Users\it_ih\.gradle\wrapper\dists\gradle-5.4.1-all\3221gyojl5jsh0helicew7rwx\gradle-5.4.1\lib\gradle-launcher-5.4.1.jar
Launcher Type: SUN_STANDARD

Environment Variables:
PATH=C:\Program Files (x86)\Common Files\Oracle\Java\javapath;C:\Program Files (x86)\Intel\iCLS Client\;C:\Program Files\Intel\iCLS Client\;C:\Windows\system32;C:\Windows;C:\Windows\System32\Wbem;C:\Windows\System32\WindowsPowerShell\v1.0\;C:\Program Files\Intel\WiFi\bin\;C:\Program Files\Common Files\Intel\WirelessCommon\;C:\Program Files (x86)\NVIDIA Corporation\PhysX\Common;C:\Program Files (x86)\Intel\Intel(R) Management Engine Components\DAL;C:\Program Files\Intel\Intel(R) Management Engine Components\DAL;C:\Program Files (x86)\Intel\Intel(R) Management Engine Components\IPT;C:\Program Files\Intel\Intel(R) Management Engine Components\IPT;C:\WINDOWS\system32;C:\WINDOWS;C:\WINDOWS\System32\Wbem;C:\WINDOWS\System32\WindowsPowerShell\v1.0\;C:\WINDOWS\System32\OpenSSH\;C:\Program Files\PuTTY\;C:\Program Files (x86)\Brackets\command;C:\Program Files\Git\cmd;C:\Program Files\Java\jdk-12.0.2\bin;C:\Program Files\Java\jdk-12.0.2\bin;C:\Users\it_ih\AppData\Local\Microsoft\WindowsApps;C:\Users\it_ih\AppData\Local\GitHubDesktop\bin;;%USERPROFILE%\AppData\Local\Microsoft\WindowsApps
USERNAME=it_ih
OS=Windows_NT
PROCESSOR_IDENTIFIER=Intel64 Family 6 Model 158 Stepping 9, GenuineIntel



---------------  S Y S T E M  ---------------

OS: Windows 10.0 , 64 bit Build 18362 (10.0.18362.329)

CPU:total 8 (initial active 8) (4 cores per cpu, 2 threads per core) family 6 model 158 stepping 9, cmov, cx8, fxsr, mmx, sse, sse2, sse3, ssse3, sse4.1, sse4.2, popcnt, avx, avx2, aes, clmul, erms, 3dnowpref, lzcnt, ht, tsc, tscinvbit, bmi1, bmi2, adx

Memory: 4k page, physical 8270668k(266020k free), swap 33436492k(31508k free)

vm_info: OpenJDK 64-Bit Server VM (25.202-b03) for windows-amd64 JRE (1.8.0_202-release-1483-b03), built by "builder" with MS VC++ 10.0 (VS2010)

time: Mon Sep 23 08:21:27 2019
timezone: SE Asia Standard Time
elapsed time: 38 seconds (0d 0h 0m 38s)

